[2022-11-11 13:45:35] START
[2022-11-11 13:46:14] CREATE datos.py: 0
[2022-11-11 13:47:08] EDIT warp/models/db.py: 1
[2022-11-11 13:52:25] EDIT warp/models/db.py: 0
[2022-11-11 13:52:47] EDIT warp/models/db.py: 0
[2022-11-11 13:53:51] EDIT warp/models/db.py: 0
[2022-11-11 13:54:36] EDIT warp/models/db.py: 0
[2022-11-11 13:56:23] EDIT warp/models/datos.py: 3
[2022-11-11 13:56:58] EDIT warp/models/datos.py: 0
[2022-11-11 13:57:36] EDIT warp/models/db.py: 0
[2022-11-11 13:58:07] EDIT warp/models/db.py: 0
[2022-11-11 14:09:12] EDIT warp/models/db.py: 0
[2022-11-11 14:14:02] EDIT warp/models/db.py: 0
[2022-11-11 14:21:51] DELETE warp/models/datos.py: -3
[2022-11-11 14:22:07] EDIT warp/models/db.py: -1
[2022-11-11 14:22:57] CREATE db2.py: 0
[2022-11-11 14:27:27] EDIT warp/models/db2.py: 1
[2022-11-11 14:31:38] EDIT warp/models/db.py: 1
[2022-11-11 14:32:35] CREATE default/mobile.html: 0
[2022-11-11 14:32:43] EDIT warp/views/default/mobile.html: 0
[2022-11-11 14:35:53] EDIT warp/controllers/default.py: 3
[2022-11-11 14:38:00] EDIT warp/views/default/mobile.html: 0
[2022-11-11 14:38:30] EDIT warp/views/default/mobile.html: 0
[2022-11-11 14:39:07] EDIT warp/controllers/default.py: 0
[2022-11-11 14:41:59] EDIT warp/views/default/mobile.html: 0
[2022-11-11 14:42:25] EDIT warp/controllers/default.py: 0
[2022-11-11 14:42:42] EDIT warp/controllers/default.py: 1
[2022-11-11 14:43:00] EDIT warp/controllers/default.py: 0
[2022-11-11 14:43:31] EDIT warp/views/default/mobile.html: 0
[2022-11-11 14:43:48] EDIT warp/controllers/default.py: 0
[2022-11-11 14:45:34] EDIT warp/controllers/default.py: 0
[2022-11-11 14:45:58] EDIT warp/controllers/default.py: 1
[2022-11-11 14:46:35] EDIT warp/controllers/default.py: 0
[2022-11-11 14:46:41] EDIT warp/controllers/default.py: 0
[2022-11-11 14:46:53] EDIT warp/views/default/mobile.html: 0
[2022-11-11 14:47:13] EDIT warp/controllers/default.py: 0
[2022-11-11 14:48:36] EDIT warp/views/default/mobile.html: 0
[2022-11-11 14:49:04] EDIT warp/views/default/mobile.html: 0
[2022-11-11 14:49:43] EDIT warp/views/default/mobile.html: 0
[2022-11-11 14:49:48] EDIT warp/views/default/mobile.html: 0
[2022-11-11 14:49:56] EDIT warp/views/default/mobile.html: 0
[2022-11-11 14:50:05] EDIT warp/views/default/mobile.html: 0
[2022-11-11 14:54:14] EDIT warp/controllers/default.py: 0
[2022-11-11 15:00:26] EDIT warp/controllers/default.py: 1
[2022-11-11 15:01:28] EDIT warp/controllers/default.py: 1
[2022-11-11 15:17:15] EDIT warp/controllers/default.py: 2
[2022-11-11 15:17:28] EDIT warp/controllers/default.py: 0
[2022-11-11 15:19:12] EDIT warp/controllers/default.py: 0
[2022-11-11 15:21:01] EDIT warp/controllers/default.py: 0
[2022-11-11 15:21:39] EDIT warp/controllers/default.py: 0
[2022-11-11 15:22:16] EDIT warp/controllers/default.py: 0
[2022-11-11 15:25:48] EDIT warp/controllers/default.py: 1
[2022-11-11 15:25:52] EDIT warp/controllers/default.py: 0
[2022-11-11 15:37:49] EDIT warp/models/db2.py: 8
[2022-11-11 15:38:09] EDIT warp/controllers/default.py: 0
[2022-11-11 15:38:27] EDIT warp/controllers/default.py: -1
[2022-11-11 15:39:57] EDIT warp/models/db2.py: 0
[2022-11-11 15:40:12] EDIT warp/controllers/default.py: 0
[2022-11-11 15:41:10] EDIT warp/models/db2.py: 1
[2022-11-11 15:41:14] EDIT warp/models/db2.py: 0
[2022-11-11 15:41:59] EDIT warp/controllers/default.py: 0
[2022-11-11 15:42:10] EDIT warp/controllers/default.py: 0
[2022-11-11 15:42:18] EDIT warp/controllers/default.py: 0
[2022-11-11 15:42:27] EDIT warp/controllers/default.py: 0
[2022-11-11 15:51:02] EDIT warp/models/db2.py: 0
[2022-11-11 15:51:33] EDIT warp/models/db2.py: 0
[2022-11-11 15:52:01] EDIT warp/controllers/default.py: 0
[2022-11-11 15:54:54] EDIT warp/controllers/default.py: 0
[2022-11-11 15:57:12] EDIT warp/models/db2.py: -1
[2022-11-11 15:57:26] EDIT warp/models/db2.py: 0
[2022-11-11 15:57:37] EDIT warp/models/db2.py: 1
[2022-11-11 15:57:57] EDIT warp/models/db2.py: 0
[2022-11-11 15:58:30] EDIT warp/controllers/default.py: 0
[2022-11-11 15:58:54] EDIT warp/models/db2.py: -1
[2022-11-11 15:58:59] EDIT warp/models/db2.py: 0
[2022-11-11 15:59:03] EDIT warp/controllers/default.py: 0
[2022-11-11 15:59:33] EDIT warp/models/db2.py: 0
[2022-11-11 15:59:43] EDIT warp/models/db2.py: 0
[2022-11-11 16:00:20] EDIT warp/controllers/default.py: 0
[2022-11-11 16:01:27] EDIT warp/models/db2.py: 0
[2022-11-11 16:01:51] EDIT warp/models/db.py: 0
[2022-11-11 16:03:39] EDIT warp/controllers/default.py: -2
[2022-11-11 16:03:56] EDIT warp/controllers/default.py: 0
[2022-11-11 16:04:56] EDIT warp/models/db2.py: 0
[2022-11-11 16:05:47] EDIT warp/models/db2.py: 1
[2022-11-11 16:10:40] EDIT warp/models/db2.py: 2
[2022-11-11 16:10:52] EDIT warp/models/db2.py: 0
[2022-11-11 16:11:07] EDIT warp/models/db2.py: -1
[2022-11-11 16:11:30] EDIT warp/models/db2.py: 0
[2022-11-11 16:12:07] EDIT warp/models/db2.py: 0
[2022-11-11 16:12:25] EDIT warp/models/db2.py: -2
[2022-11-11 16:13:04] EDIT warp/controllers/default.py: 0
[2022-11-11 16:14:18] EDIT warp/views/layout.html: 0
[2022-11-11 16:14:33] EDIT warp/views/layout.html: 0
[2022-11-11 16:15:04] EDIT warp/views/layout.html: 0
[2022-11-11 16:35:37] CREATE db_admon.py: 0
[2022-11-11 16:36:26] EDIT warp/models/db_admon.py: 5
[2022-11-11 16:39:27] EDIT warp/controllers/default.py: 0
[2022-11-11 16:40:05] EDIT warp/models/db_operaciones.py: 1
[2022-11-11 16:40:08] EDIT warp/models/db_operaciones.py: 0
[2022-11-11 16:40:14] EDIT warp/models/db_operaciones.py: 0
[2022-11-11 16:40:22] EDIT warp/models/db_operaciones.py: 0
[2022-11-11 16:40:38] EDIT warp/models/db_operaciones.py: 0
[2022-11-11 16:42:47] EDIT warp/models/db_operaciones.py: 1
[2022-11-11 16:43:12] EDIT warp/models/db_operaciones.py: 1
[2022-11-11 16:45:15] EDIT warp/models/db_operaciones.py: 0
[2022-11-11 16:45:21] EDIT warp/models/db_operaciones.py: 0
[2022-11-11 16:46:31] EDIT warp/models/db_operaciones.py: 0
[2022-11-11 16:47:32] EDIT warp/models/db.py: 0
[2022-11-11 17:27:47] EDIT warp/controllers/default.py: 1
[2022-11-11 17:29:01] EDIT warp/controllers/default.py: 1
[2022-11-11 17:32:19] EDIT warp/controllers/default.py: 5
[2022-11-11 17:32:55] EDIT warp/controllers/default.py: 1
[2022-11-11 17:33:20] EDIT warp/controllers/default.py: 0
[2022-11-11 17:33:47] CREATE default/go.html: 0
[2022-11-11 17:34:02] EDIT warp/views/default/go.html: 0
[2022-11-11 17:35:59] EDIT warp/controllers/default.py: 0
[2022-11-11 17:36:34] EDIT warp/controllers/default.py: 0
[2022-11-11 17:37:15] EDIT warp/controllers/default.py: 0
[2022-11-11 17:37:21] EDIT warp/controllers/default.py: 0
[2022-11-11 17:38:52] EDIT warp/controllers/default.py: 1
[2022-11-11 17:39:29] EDIT warp/controllers/default.py: 1
[2022-11-11 17:39:58] EDIT warp/controllers/default.py: 0
[2022-11-12 17:27:28] EDIT warp/models/db.py: 0
[2022-11-12 17:37:46] EDIT warp/controllers/default.py: 0
[2022-11-12 17:38:32] EDIT warp/controllers/default.py: 2
[2022-11-12 17:38:46] EDIT warp/controllers/default.py: 0
[2022-11-12 17:39:55] EDIT warp/controllers/default.py: 0
[2022-11-18 01:21:35] CREATE default/gantt.html: 0
[2022-11-18 01:22:28] EDIT warp/views/default/gantt.html: 3
[2022-11-18 01:22:48] EDIT warp/views/default/gantt.html: 0
[2022-11-18 01:23:23] EDIT warp/views/default/gantt.html: 0
[2022-11-18 01:27:33] EDIT warp/views/default/gantt.html: 39
[2022-11-18 01:29:00] EDIT warp/views/default/gantt.html: 0
